[main 6d3146f] auto-sync: 2026-04-14 20:20:01
 2 files changed, 5 insertions(+)
 create mode 100755 auto_sync.sh
 create mode 100644 sync.log
To github.com:vorptech/ubiquiti_dash.git
   ec3b15e..6d3146f  main -> main
On branch main
Your branch is up to date with 'origin/main'.

nothing to commit, working tree clean
Everything up-to-date
[main 3605d64] auto-sync: 2026-04-14 20:30:01
 1 file changed, 5 insertions(+)
To github.com:vorptech/ubiquiti_dash.git
   4dbe3df..3605d64  main -> main
[main 0679269] auto-sync: 2026-04-14 20:35:01
 1 file changed, 4 insertions(+)
To github.com:vorptech/ubiquiti_dash.git
   3605d64..0679269  main -> main
[main ff3f961] auto-sync: 2026-04-14 20:40:01
 1 file changed, 4 insertions(+)
To github.com:vorptech/ubiquiti_dash.git
   0679269..ff3f961  main -> main
[main e4964cd] auto-sync: 2026-04-14 20:45:01
 1 file changed, 4 insertions(+)
To github.com:vorptech/ubiquiti_dash.git
   ff3f961..e4964cd  main -> main
[main 07688e2] auto-sync: 2026-04-14 20:50:01
 1 file changed, 4 insertions(+)
To github.com:vorptech/ubiquiti_dash.git
   e4964cd..07688e2  main -> main
